<?xml version="1.0" encoding="UTF-8"?>
<!-- Generated by org.testng.reporters.JUnitReportReporter -->
<testsuite skipped="0" hostname="DIAMOND-QA2L" name="org.testing.TestScripts.TC4" tests="1" failures="0" timestamp="2022-05-01T22:16:04 IST" time="60.040" errors="0">
  <testcase name="playandlike" time="60.040" classname="org.testing.TestScripts.TC4"/>
  <system-out/>
</testsuite> <!-- org.testing.TestScripts.TC4 -->
