<?xml version="1.0" encoding="UTF-8"?>
<!-- Generated by org.testng.reporters.JUnitReportReporter -->
<testsuite skipped="0" hostname="DIAMOND-QA2L" name="org.testing.TestScripts.TC2" tests="1" failures="0" timestamp="2022-05-15T23:31:41 IST" time="53.791" errors="0">
  <testcase name="history" time="53.791" classname="org.testing.TestScripts.TC2"/>
  <system-out/>
</testsuite> <!-- org.testing.TestScripts.TC2 -->
