<?xml version="1.0" encoding="UTF-8"?>
<!-- Generated by org.testng.reporters.JUnitReportReporter -->
<testsuite skipped="0" hostname="DIAMOND-QA2L" name="org.testing.TestScripts.TC1" tests="1" failures="0" timestamp="2022-05-08T23:08:40 IST" time="67.183" errors="0">
  <testcase name="trending" time="67.183" classname="org.testing.TestScripts.TC1"/>
  <system-out/>
</testsuite> <!-- org.testing.TestScripts.TC1 -->
