<?xml version="1.0" encoding="UTF-8"?>
<!-- Generated by org.testng.reporters.JUnitReportReporter -->
<testsuite skipped="0" hostname="DIAMOND-QA2L" name="org.testing.TestScripts.TC6" tests="1" failures="0" timestamp="2022-05-15T23:46:57 IST" time="74.842" errors="0">
  <testcase name="playandComment" time="74.842" classname="org.testing.TestScripts.TC6"/>
  <system-out/>
</testsuite> <!-- org.testing.TestScripts.TC6 -->
