<?xml version="1.0" encoding="UTF-8"?>
<!-- Generated by org.testng.reporters.JUnitReportReporter -->
<testsuite skipped="0" hostname="DIAMOND-QA2L" name="org.testing.TestScripts.TC6" tests="1" failures="0" timestamp="2022-05-02T00:12:10 IST" time="67.550" errors="0">
  <testcase name="playandlike" time="67.550" classname="org.testing.TestScripts.TC6"/>
  <system-out/>
</testsuite> <!-- org.testing.TestScripts.TC6 -->
