<?xml version="1.0" encoding="UTF-8"?>
<!-- Generated by org.testng.reporters.JUnitReportReporter -->
<testsuite skipped="0" hostname="DIAMOND-QA2L" name="org.testing.TestScripts.TC1" tests="1" failures="0" timestamp="2022-05-01T17:04:25 IST" time="49.545" errors="0">
  <testcase name="method2" time="49.545" classname="org.testing.TestScripts.TC1"/>
  <system-out/>
</testsuite> <!-- org.testing.TestScripts.TC1 -->
